#
# There is insufficient memory for the Java Runtime Environment to continue.
# Native memory allocation (mmap) failed to map 266338304 bytes for G1 virtual space
# Possible reasons:
#   The system is out of physical RAM or swap space
#   The process is running with CompressedOops enabled, and the Java Heap may be blocking the growth of the native heap
# Possible solutions:
#   Reduce memory load on the system
#   Increase physical memory or swap space
#   Check if swap backing store is full
#   Decrease Java heap size (-Xmx/-Xms)
#   Decrease number of Java threads
#   Decrease Java thread stack sizes (-Xss)
#   Set larger code cache with -XX:ReservedCodeCacheSize=
#   JVM is running with Zero Based Compressed Oops mode in which the Java heap is
#     placed in the first 32GB address space. The Java Heap base address is the
#     maximum limit for the native heap growth. Please use -XX:HeapBaseMinAddress
#     to set the Java Heap base and to place the Java Heap above 32GB virtual address.
# This output file may be truncated or incomplete.
#
#  Out of Memory Error (os_windows.cpp:3548), pid=20748, tid=16868
#
# JRE version:  (17.0.10+11) (build )
# Java VM: Java HotSpot(TM) 64-Bit Server VM (17.0.10+11-LTS-240, mixed mode, sharing, tiered, compressed oops, compressed class ptrs, g1 gc, windows-amd64)
# No core dump will be written. Minidumps are not enabled by default on client versions of Windows
#

---------------  S U M M A R Y ------------

Command Line: --module-path=C:\Users\yassin\Desktop\Knowlity\target\classes;C:\Users\yassin\.m2\repository\org\openjfx\javafx-base\17.0.6\javafx-base-17.0.6-win.jar;C:\Users\yassin\.m2\repository\org\openjfx\javafx-controls\17.0.6\javafx-controls-17.0.6-win.jar;C:\Users\yassin\.m2\repository\org\openjfx\javafx-fxml\17.0.6\javafx-fxml-17.0.6-win.jar;C:\Users\yassin\.m2\repository\org\openjfx\javafx-graphics\17.0.6\javafx-graphics-17.0.6-win.jar --add-modules=com.esprit.knowlity -Djdk.module.main=com.esprit.knowlity com.esprit.knowlity/com.esprit.knowlity.MainFx

Host: Intel(R) Core(TM) i7-8750H CPU @ 2.20GHz, 12 cores, 15G,  Windows 11 , 64 bit Build 22621 (10.0.22621.4974)
Time: Wed Apr 16 17:06:17 2025 Afr. centrale Ouest elapsed time: 0.014490 seconds (0d 0h 0m 0s)

---------------  T H R E A D  ---------------

Current thread (0x0000020a40e85a60):  JavaThread "Unknown thread" [_thread_in_vm, id=16868, stack(0x00000073a8100000,0x00000073a8200000)]

Stack: [0x00000073a8100000,0x00000073a8200000]
Native frames: (J=compiled Java code, j=interpreted, Vv=VM code, C=native code)
V  [jvm.dll+0x677a5a]
V  [jvm.dll+0x7d8b2d]
V  [jvm.dll+0x7da48e]
V  [jvm.dll+0x7daaf3]
V  [jvm.dll+0x2455ff]
V  [jvm.dll+0x6749b9]
V  [jvm.dll+0x669382]
V  [jvm.dll+0x302e96]
V  [jvm.dll+0x30a416]
V  [jvm.dll+0x359cbe]
V  [jvm.dll+0x359eef]
V  [jvm.dll+0x2d9e88]
V  [jvm.dll+0x2dadf4]
V  [jvm.dll+0x7aa551]
V  [jvm.dll+0x367911]
V  [jvm.dll+0x789639]
V  [jvm.dll+0x3eb30f]
V  [jvm.dll+0x3ecd91]
C  [jli.dll+0x5297]
C  [ucrtbase.dll+0x29333]
C  [KERNEL32.DLL+0x1259d]
C  [ntdll.dll+0x5af38]


---------------  P R O C E S S  ---------------

Threads class SMR info:
_java_thread_list=0x00007ffa78b06a18, length=0, elements={
}

Java Threads: ( => current thread )

Other Threads:
  0x0000020a40ef2740 GCTaskThread "GC Thread#0" [stack: 0x00000073a8200000,0x00000073a8300000] [id=21080]
  0x0000020a40f03450 ConcurrentGCThread "G1 Main Marker" [stack: 0x00000073a8300000,0x00000073a8400000] [id=20820]
  0x0000020a40f05e80 ConcurrentGCThread "G1 Conc#0" [stack: 0x00000073a8400000,0x00000073a8500000] [id=11368]

[error occurred during error reporting (printing all threads), id 0xc0000005, EXCEPTION_ACCESS_VIOLATION (0xc0000005) at pc=0x00007ffa7833aae7]

VM state: not at safepoint (not fully initialized)

VM Mutex/Monitor currently owned by a thread:  ([mutex/lock_event])
[0x0000020a3ed4cf60] Heap_lock - owner thread: 0x0000020a40e85a60

Heap address: 0x0000000702400000, size: 4060 MB, Compressed Oops mode: Zero based, Oop shift amount: 3

CDS archive(s) mapped at: [0x0000000000000000-0x0000000000000000-0x0000000000000000), size 0, SharedBaseAddress: 0x0000000800000000, ArchiveRelocationMode: 1.
Narrow klass base: 0x0000000000000000, Narrow klass shift: 0, Narrow klass range: 0x0

GC Precious Log:
<Empty>

Heap:
 garbage-first heap   total 0K, used 0K [0x0000000702400000, 0x0000000800000000)
  region size 2048K, 0 young (0K), 0 survivors (0K)

[error occurred during error reporting (printing heap information), id 0xc0000005, EXCEPTION_ACCESS_VIOLATION (0xc0000005) at pc=0x00007ffa78721249]

GC Heap History (0 events):
No events

Deoptimization events (0 events):
No events

Classes unloaded (0 events):
No events

Classes redefined (0 events):
No events

Internal exceptions (0 events):
No events

VM Operations (0 events):
No events

Events (1 events):
Event: 0.009 Loaded shared library C:\Program Files\Java\jdk-17\bin\java.dll


Dynamic libraries:
0x00007ff6a4920000 - 0x00007ff6a4930000 	C:\Program Files\Java\jdk-17\bin\java.exe
0x00007ffb12570000 - 0x00007ffb12787000 	C:\WINDOWS\SYSTEM32\ntdll.dll
0x00007ffb10b50000 - 0x00007ffb10c14000 	C:\WINDOWS\System32\KERNEL32.DLL
0x00007ffb0f880000 - 0x00007ffb0fc51000 	C:\WINDOWS\System32\KERNELBASE.dll
0x00007ffb0fe40000 - 0x00007ffb0ff51000 	C:\WINDOWS\System32\ucrtbase.dll
0x00007ffafc6b0000 - 0x00007ffafc6c9000 	C:\Program Files\Java\jdk-17\bin\jli.dll
0x00007ffb00c70000 - 0x00007ffb00c8b000 	C:\Program Files\Java\jdk-17\bin\VCRUNTIME140.dll
0x00007ffb10e50000 - 0x00007ffb10f01000 	C:\WINDOWS\System32\ADVAPI32.dll
0x00007ffb10680000 - 0x00007ffb10727000 	C:\WINDOWS\System32\msvcrt.dll
0x00007ffb121e0000 - 0x00007ffb12287000 	C:\WINDOWS\System32\sechost.dll
0x00007ffb0f7d0000 - 0x00007ffb0f7f8000 	C:\WINDOWS\System32\bcrypt.dll
0x00007ffb108f0000 - 0x00007ffb10a04000 	C:\WINDOWS\System32\RPCRT4.dll
0x00007ffb10c20000 - 0x00007ffb10dd1000 	C:\WINDOWS\System32\USER32.dll
0x00007ffaf8940000 - 0x00007ffaf8bd2000 	C:\WINDOWS\WinSxS\amd64_microsoft.windows.common-controls_6595b64144ccf1df_6.0.22621.4830_none_270fe7d773858e80\COMCTL32.dll
0x00007ffb100a0000 - 0x00007ffb100c6000 	C:\WINDOWS\System32\win32u.dll
0x00007ffb11560000 - 0x00007ffb11589000 	C:\WINDOWS\System32\GDI32.dll
0x00007ffb0fd20000 - 0x00007ffb0fe3b000 	C:\WINDOWS\System32\gdi32full.dll
0x00007ffb0f730000 - 0x00007ffb0f7ca000 	C:\WINDOWS\System32\msvcp_win.dll
0x00007ffb017d0000 - 0x00007ffb017da000 	C:\WINDOWS\SYSTEM32\VERSION.dll
0x00007ffb108b0000 - 0x00007ffb108e1000 	C:\WINDOWS\System32\IMM32.DLL
0x00007ffb0b610000 - 0x00007ffb0b61c000 	C:\Program Files\Java\jdk-17\bin\vcruntime140_1.dll
0x00007ffaf60e0000 - 0x00007ffaf616e000 	C:\Program Files\Java\jdk-17\bin\msvcp140.dll
0x00007ffa78050000 - 0x00007ffa78c2f000 	C:\Program Files\Java\jdk-17\bin\server\jvm.dll
0x00007ffb12150000 - 0x00007ffb12158000 	C:\WINDOWS\System32\PSAPI.DLL
0x00007ffb00c60000 - 0x00007ffb00c69000 	C:\WINDOWS\SYSTEM32\WSOCK32.dll
0x00007ffaff420000 - 0x00007ffaff454000 	C:\WINDOWS\SYSTEM32\WINMM.dll
0x00007ffb12160000 - 0x00007ffb121d1000 	C:\WINDOWS\System32\WS2_32.dll
0x00007ffb0e6c0000 - 0x00007ffb0e6d8000 	C:\WINDOWS\SYSTEM32\kernel.appcore.dll
0x00007ffb00530000 - 0x00007ffb0053a000 	C:\Program Files\Java\jdk-17\bin\jimage.dll
0x00007ffb0c6e0000 - 0x00007ffb0c912000 	C:\WINDOWS\SYSTEM32\DBGHELP.DLL
0x00007ffb10240000 - 0x00007ffb105d0000 	C:\WINDOWS\System32\combase.dll
0x00007ffb10f10000 - 0x00007ffb10fe7000 	C:\WINDOWS\System32\OLEAUT32.dll
0x00007ffaf5e00000 - 0x00007ffaf5e32000 	C:\WINDOWS\SYSTEM32\dbgcore.DLL
0x00007ffb0f800000 - 0x00007ffb0f87b000 	C:\WINDOWS\System32\bcryptPrimitives.dll
0x00007ffafc280000 - 0x00007ffafc2a5000 	C:\Program Files\Java\jdk-17\bin\java.dll

dbghelp: loaded successfully - version: 4.0.5 - missing functions: none
symbol engine: initialized successfully - sym options: 0x614 - pdb path: .;C:\Program Files\Java\jdk-17\bin;C:\WINDOWS\SYSTEM32;C:\WINDOWS\WinSxS\amd64_microsoft.windows.common-controls_6595b64144ccf1df_6.0.22621.4830_none_270fe7d773858e80;C:\Program Files\Java\jdk-17\bin\server

VM Arguments:
jvm_args: --module-path=C:\Users\yassin\Desktop\Knowlity\target\classes;C:\Users\yassin\.m2\repository\org\openjfx\javafx-base\17.0.6\javafx-base-17.0.6-win.jar;C:\Users\yassin\.m2\repository\org\openjfx\javafx-controls\17.0.6\javafx-controls-17.0.6-win.jar;C:\Users\yassin\.m2\repository\org\openjfx\javafx-fxml\17.0.6\javafx-fxml-17.0.6-win.jar;C:\Users\yassin\.m2\repository\org\openjfx\javafx-graphics\17.0.6\javafx-graphics-17.0.6-win.jar --add-modules=com.esprit.knowlity -Djdk.module.main=com.esprit.knowlity 
java_command: com.esprit.knowlity/com.esprit.knowlity.MainFx
java_class_path (initial): C:\Users\yassin\.m2\repository\com\google\protobuf\protobuf-java\3.21.9\protobuf-java-3.21.9.jar;C:\Users\yassin\.m2\repository\com\mysql\mysql-connector-j\8.0.33\mysql-connector-j-8.0.33.jar;C:\Users\yassin\.m2\repository\org\openjfx\javafx-base\17.0.6\javafx-base-17.0.6.jar;C:\Users\yassin\.m2\repository\org\openjfx\javafx-controls\17.0.6\javafx-controls-17.0.6.jar;C:\Users\yassin\.m2\repository\org\openjfx\javafx-fxml\17.0.6\javafx-fxml-17.0.6.jar;C:\Users\yassin\.m2\repository\org\openjfx\javafx-graphics\17.0.6\javafx-graphics-17.0.6.jar
Launcher Type: SUN_STANDARD

[Global flags]
     intx CICompilerCount                          = 4                                         {product} {ergonomic}
     uint ConcGCThreads                            = 3                                         {product} {ergonomic}
     uint G1ConcRefinementThreads                  = 10                                        {product} {ergonomic}
   size_t G1HeapRegionSize                         = 2097152                                   {product} {ergonomic}
    uintx GCDrainStackTargetSize                   = 64                                        {product} {ergonomic}
   size_t InitialHeapSize                          = 266338304                                 {product} {ergonomic}
   size_t MarkStackSize                            = 4194304                                   {product} {ergonomic}
   size_t MaxHeapSize                              = 4257218560                                {product} {ergonomic}
   size_t MinHeapDeltaBytes                        = 2097152                                   {product} {ergonomic}
   size_t MinHeapSize                              = 8388608                                   {product} {ergonomic}
    uintx NonNMethodCodeHeapSize                   = 5839372                                {pd product} {ergonomic}
    uintx NonProfiledCodeHeapSize                  = 122909434                              {pd product} {ergonomic}
    uintx ProfiledCodeHeapSize                     = 122909434                              {pd product} {ergonomic}
    uintx ReservedCodeCacheSize                    = 251658240                              {pd product} {ergonomic}
     bool SegmentedCodeCache                       = true                                      {product} {ergonomic}
   size_t SoftMaxHeapSize                          = 4257218560                             {manageable} {ergonomic}
     bool UseCompressedClassPointers               = true                           {product lp64_product} {ergonomic}
     bool UseCompressedOops                        = true                           {product lp64_product} {ergonomic}
     bool UseG1GC                                  = true                                      {product} {ergonomic}
     bool UseLargePagesIndividualAllocation        = false                                  {pd product} {ergonomic}

Logging:
Log output configuration:
 #0: stdout all=warning uptime,level,tags
 #1: stderr all=off uptime,level,tags

Environment Variables:
JAVA_HOME=C:\Program Files\Java\jdk-17
PATH=C:\oraclexe\app\oracle\product\11.2.0\server\bin;C:\oraclexe\app\oracle\product\11.2.0\server\bin;C:\Program Files\Common Files\Oracle\Java\javapath;C:\oraclexe\app\oracle\product\11.2.0\server\bin;C:\Python311\Scripts\;C:\Python311\;C:\Program Files\Java\jdk-11.0.11\bin;C:\instantclient_12_2;C:\Program Files (x86)\Common Files\Intel\Shared Libraries\redist\intel64_win\compiler;C:\Program Files (x86)\Common Files\Oracle\Java\javapath;C:\Program Files (x86)\Intel\Intel(R) Management Engine Components\iCLS\;C:\Program Files\Intel\Intel(R) Management Engine Components\iCLS\;C:\Windows\system32;C:\Windows;C:\Windows\System32\Wbem;C:\Windows\System32\WindowsPowerShell\v1.0\;C:\Windows\System32\OpenSSH\;C:\Program Files (x86)\NVIDIA Corporation\PhysX\Common;C:\Program Files\NVIDIA Corporation\NVIDIA NvDLISR;C:\Program Files (x86)\Intel\Intel(R) Management Engine Components\DAL;C:\Program Files\Intel\Intel(R) Management Engine Components\DAL;C:\Program Files (x86)\Intel\Intel(R) Management Engine Components\IPT;C:\Program Files\Intel\Intel(R) Management Engine Components\IPT;C:\Program Files\Intel\WiFi\bin\;C:\Program Files\Common Files\Intel\WirelessCommon\;C:\Program Files\PuTTY\;C:\Program Files (x86)\QuickTime\QTSystem\;C:\ProgramData\chocolatey\bin;C:\Program Files (x86)\Yarn\bin\;C:\WINDOWS\system32;C:\WINDOWS;C:\WINDOWS\System32\Wbem;C:\WINDOWS\System32\WindowsPowerShell\v1.0\;C:\WINDOWS\System32\OpenSSH\;C:\Windows\System32\;C:\WINDOWS\System32\WindowsPowerShell\V1.0;C:\Program Files\TortoiseSVN\bin;C:\xampp\php;C:\Program Files\Microsoft SQL Server\130\Tools\Binn\;C:\Program Files\dotnet\;C:\Program Files\MongoDB\Server\5.0\bin;C:\oraclexe;C:\oraclexe\app\oracle\admin\XE;C:\composer;C:\Program Files\Microsoft SQL Server\150\Tools\Binn\;C:\WINDOWS\system32;C:\WINDOWS;C:\WINDOWS\System32\Wbem;C:\WINDOWS\System32\WindowsPowerShell\v1.0\;C:\WINDOWS\System32\OpenSSH\;C:\Program Files (x86)\dotnet\;C:\Program Files\Vagrant\bin;C:\Program Files\nodejs\;C:\Program Files
USERNAME=yassin
OS=Windows_NT
PROCESSOR_IDENTIFIER=Intel64 Family 6 Model 158 Stepping 10, GenuineIntel



---------------  S Y S T E M  ---------------

OS:
 Windows 11 , 64 bit Build 22621 (10.0.22621.4974)
OS uptime: 2 days 3:10 hours
Hyper-V role detected

CPU: total 12 (initial active 12) (6 cores per cpu, 2 threads per core) family 6 model 158 stepping 10 microcode 0xde, cx8, cmov, fxsr, ht, mmx, 3dnowpref, sse, sse2, sse3, ssse3, sse4.1, sse4.2, popcnt, lzcnt, tsc, tscinvbit, avx, avx2, aes, erms, clmul, bmi1, bmi2, adx, fma, vzeroupper, clflush, clflushopt, hv

Memory: 4k page, system-wide physical 16234M (3074M free)
TotalPageFile size 22668M (AvailPageFile size 293M)
current process WorkingSet (physical memory assigned to process): 11M, peak: 11M
current process commit charge ("private bytes"): 64M, peak: 318M

vm_info: Java HotSpot(TM) 64-Bit Server VM (17.0.10+11-LTS-240) for windows-amd64 JRE (17.0.10+11-LTS-240), built on Dec 19 2023 21:47:25 by "mach5one" with MS VC++ 17.1 (VS2022)

END.
